
[2020-04-12 Sun 16:29:57] : {VARDUMP} : array (
  'form-id' => 'undef',
  'question-1' => 'Чистый классический стиль',
  'question-2' => 'Да, особенно когда идешь на свидание',
  'question-3' => 'Разобраться с долгими и короткими трендами. Долгих трендов брать чуть побольше.
								Коротких - на один сезон, чтобы сделать образы острыми и интересными',
  'name' => 'Test New',
  'email' => 'to-@mail.ru',
)
[2020-04-12 Sun 16:37:02] : {VARDUMP} : array (
  'form-id' => 'undef',
  'question-1' => 'Смесь классики и спорта',
  'question-2' => 'Нет, это будет выглядеть глупо. Надо добавлять долю романтики к другим стилям',
  'question-3' => 'Разобраться с долгими и короткими трендами. Долгих трендов брать чуть побольше.
								Коротких - на один сезон, чтобы сделать образы острыми и интересными',
  'name' => 'Test New',
  'email' => 'to-@mail.ru',
)
[2020-04-12 Sun 16:37:57] : {VARDUMP} : array (
  'form-id' => 'undef',
  'question-1' => 'Смесь классики и спорта',
  'question-2' => 'Нет, это будет выглядеть глупо. Надо добавлять долю романтики к другим стилям',
  'question-3' => 'Не трогать тренды - в них тяжело разобраться, подходит только молодежи, зачем позориться',
  'name' => 'Test New',
  'email' => 'to-@mail.ru',
)